0 info it worked if it ends with ok
1 verbose cli [ '/usr/local/bin/node', '/usr/local/bin/npm', 'install' ]
2 info using npm@2.14.7
3 info using node@v4.2.2
4 verbose readDependencies loading dependencies from /Applications/MAMP/htdocs/WebDev/defiso/wp-content/themes/defisomedia/package.json
5 warn package.json defisomedia@1.0.0 No repository field.
6 verbose install where, deps [ '/Applications/MAMP/htdocs/WebDev/defiso/wp-content/themes/defisomedia',
6 verbose install   [ 'grunt',
6 verbose install     'grunt-contrib-clean',
6 verbose install     'grunt-contrib-concat',
6 verbose install     'grunt-contrib-copy',
6 verbose install     'grunt-contrib-sass',
6 verbose install     'grunt-contrib-uglify',
6 verbose install     'grunt-contrib-watch',
6 verbose install     'autoprefixer',
6 verbose install     'grunt-postcss' ] ]
7 verbose install where, peers [ '/Applications/MAMP/htdocs/WebDev/defiso/wp-content/themes/defisomedia',
7 verbose install   [] ]
8 verbose installManyTop reading for lifecycle /Applications/MAMP/htdocs/WebDev/defiso/wp-content/themes/defisomedia/package.json
9 info preinstall defisomedia@1.0.0
10 verbose installManyTop reading scoped package data from /Applications/MAMP/htdocs/WebDev/defiso/wp-content/themes/defisomedia/node_modules/autoprefixer/package.json
11 verbose installManyTop reading scoped package data from /Applications/MAMP/htdocs/WebDev/defiso/wp-content/themes/defisomedia/node_modules/grunt/package.json
12 verbose installManyTop reading scoped package data from /Applications/MAMP/htdocs/WebDev/defiso/wp-content/themes/defisomedia/node_modules/grunt-contrib-clean/package.json
13 verbose installManyTop reading scoped package data from /Applications/MAMP/htdocs/WebDev/defiso/wp-content/themes/defisomedia/node_modules/grunt-contrib-concat/package.json
14 verbose installManyTop reading scoped package data from /Applications/MAMP/htdocs/WebDev/defiso/wp-content/themes/defisomedia/node_modules/grunt-contrib-copy/package.json
15 verbose installManyTop reading scoped package data from /Applications/MAMP/htdocs/WebDev/defiso/wp-content/themes/defisomedia/node_modules/grunt-contrib-sass/package.json
16 verbose installManyTop reading scoped package data from /Applications/MAMP/htdocs/WebDev/defiso/wp-content/themes/defisomedia/node_modules/grunt-contrib-uglify/package.json
17 verbose installManyTop reading scoped package data from /Applications/MAMP/htdocs/WebDev/defiso/wp-content/themes/defisomedia/node_modules/grunt-contrib-watch/package.json
18 verbose installManyTop reading scoped package data from /Applications/MAMP/htdocs/WebDev/defiso/wp-content/themes/defisomedia/node_modules/grunt-postcss/package.json
19 info package.json grunt-contrib-watch@0.6.1 No license field.
20 info package.json grunt-contrib-concat@0.5.1 No license field.
21 info package.json grunt-contrib-sass@0.9.2 No license field.
22 verbose readDependencies loading dependencies from /Applications/MAMP/htdocs/WebDev/defiso/wp-content/themes/defisomedia/package.json
23 verbose targetResolver reading package data from /Applications/MAMP/htdocs/WebDev/defiso/wp-content/themes/defisomedia/node_modules/autoprefixer/package.json
24 verbose targetResolver reading package data from /Applications/MAMP/htdocs/WebDev/defiso/wp-content/themes/defisomedia/node_modules/grunt/package.json
25 verbose targetResolver reading package data from /Applications/MAMP/htdocs/WebDev/defiso/wp-content/themes/defisomedia/node_modules/grunt-contrib-clean/package.json
26 verbose targetResolver reading package data from /Applications/MAMP/htdocs/WebDev/defiso/wp-content/themes/defisomedia/node_modules/grunt-contrib-concat/package.json
27 verbose targetResolver reading package data from /Applications/MAMP/htdocs/WebDev/defiso/wp-content/themes/defisomedia/node_modules/grunt-contrib-copy/package.json
28 verbose targetResolver reading package data from /Applications/MAMP/htdocs/WebDev/defiso/wp-content/themes/defisomedia/node_modules/grunt-contrib-sass/package.json
29 verbose targetResolver reading package data from /Applications/MAMP/htdocs/WebDev/defiso/wp-content/themes/defisomedia/node_modules/grunt-contrib-uglify/package.json
30 verbose targetResolver reading package data from /Applications/MAMP/htdocs/WebDev/defiso/wp-content/themes/defisomedia/node_modules/grunt-contrib-watch/package.json
31 verbose targetResolver reading package data from /Applications/MAMP/htdocs/WebDev/defiso/wp-content/themes/defisomedia/node_modules/grunt-postcss/package.json
32 verbose targetResolver reading package data from /Applications/MAMP/htdocs/WebDev/defiso/wp-content/themes/defisomedia/node_modules/.bin/grunt/package.json
33 verbose already installed skipping grunt-contrib-copy@^0.8.0 /Applications/MAMP/htdocs/WebDev/defiso/wp-content/themes/defisomedia
34 verbose already installed skipping grunt-contrib-sass@^0.9.2 /Applications/MAMP/htdocs/WebDev/defiso/wp-content/themes/defisomedia
35 verbose already installed skipping grunt-contrib-uglify@^0.9.1 /Applications/MAMP/htdocs/WebDev/defiso/wp-content/themes/defisomedia
36 verbose already installed skipping grunt-contrib-watch@^0.6.1 /Applications/MAMP/htdocs/WebDev/defiso/wp-content/themes/defisomedia
37 verbose already installed skipping autoprefixer@^6.3.6 /Applications/MAMP/htdocs/WebDev/defiso/wp-content/themes/defisomedia
38 verbose already installed skipping grunt-postcss@^0.8.0 /Applications/MAMP/htdocs/WebDev/defiso/wp-content/themes/defisomedia
39 verbose already installed skipping grunt@^1.0.1 /Applications/MAMP/htdocs/WebDev/defiso/wp-content/themes/defisomedia
40 verbose already installed skipping grunt-contrib-clean@^1.0.0 /Applications/MAMP/htdocs/WebDev/defiso/wp-content/themes/defisomedia
41 verbose already installed skipping grunt-contrib-concat@^0.5.1 /Applications/MAMP/htdocs/WebDev/defiso/wp-content/themes/defisomedia
42 silly install resolved []
43 info build /Applications/MAMP/htdocs/WebDev/defiso/wp-content/themes/defisomedia
44 info linkStuff defisomedia@1.0.0
45 silly linkStuff defisomedia@1.0.0 has /Applications/MAMP/htdocs/WebDev/defiso/wp-content/themes as its parent node_modules
46 verbose linkBins defisomedia@1.0.0
47 verbose linkMans defisomedia@1.0.0
48 verbose rebuildBundles defisomedia@1.0.0
49 verbose rebuildBundles [ '.bin',
49 verbose rebuildBundles   'autoprefixer',
49 verbose rebuildBundles   'grunt',
49 verbose rebuildBundles   'grunt-contrib-clean',
49 verbose rebuildBundles   'grunt-contrib-concat',
49 verbose rebuildBundles   'grunt-contrib-copy',
49 verbose rebuildBundles   'grunt-contrib-sass',
49 verbose rebuildBundles   'grunt-contrib-uglify',
49 verbose rebuildBundles   'grunt-contrib-watch',
49 verbose rebuildBundles   'grunt-postcss' ]
50 info install defisomedia@1.0.0
51 info postinstall defisomedia@1.0.0
52 info prepublish defisomedia@1.0.0
53 verbose validateInstall loading /Applications/MAMP/htdocs/WebDev/defiso/wp-content/themes/defisomedia/package.json for validation
54 verbose stack Error: The package grunt@1.0.1 does not satisfy its siblings' peerDependencies requirements!
54 verbose stack     at /usr/local/lib/node_modules/npm/lib/install.js:125:32
54 verbose stack     at /usr/local/lib/node_modules/npm/lib/install.js:268:7
54 verbose stack     at /usr/local/lib/node_modules/npm/node_modules/read-installed/read-installed.js:142:5
54 verbose stack     at /usr/local/lib/node_modules/npm/node_modules/read-installed/read-installed.js:263:14
54 verbose stack     at cb (/usr/local/lib/node_modules/npm/node_modules/slide/lib/async-map.js:47:24)
54 verbose stack     at /usr/local/lib/node_modules/npm/node_modules/read-installed/read-installed.js:263:14
54 verbose stack     at cb (/usr/local/lib/node_modules/npm/node_modules/slide/lib/async-map.js:47:24)
54 verbose stack     at /usr/local/lib/node_modules/npm/node_modules/read-installed/read-installed.js:263:14
54 verbose stack     at cb (/usr/local/lib/node_modules/npm/node_modules/slide/lib/async-map.js:47:24)
54 verbose stack     at /usr/local/lib/node_modules/npm/node_modules/read-installed/read-installed.js:263:14
55 verbose cwd /Applications/MAMP/htdocs/WebDev/defiso/wp-content/themes/defisomedia
56 error Darwin 14.5.0
57 error argv "/usr/local/bin/node" "/usr/local/bin/npm" "install"
58 error node v4.2.2
59 error npm  v2.14.7
60 error code EPEERINVALID
61 error peerinvalid The package grunt@1.0.1 does not satisfy its siblings' peerDependencies requirements!
61 error peerinvalid Peer grunt-contrib-clean@1.0.0 wants grunt@>= 0.4.5
61 error peerinvalid Peer grunt-contrib-concat@0.5.1 wants grunt@>=0.4.0
61 error peerinvalid Peer grunt-contrib-copy@0.8.2 wants grunt@>=0.4.0
61 error peerinvalid Peer grunt-contrib-sass@0.9.2 wants grunt@>=0.4.0
61 error peerinvalid Peer grunt-contrib-uglify@0.9.2 wants grunt@>=0.4.0
61 error peerinvalid Peer grunt-contrib-watch@0.6.1 wants grunt@~0.4.0
61 error peerinvalid Peer grunt-postcss@0.8.0 wants grunt@>=0.4.5
62 verbose exit [ 1, true ]
